Library/Bee/Android/Prj/Mono2x/Gradle/launcher/build/intermediates/manifest_merge_blame_file/debug/manifest-merger-blame-debug-report.txt
1<?xml version="1.0" encoding="utf-8"?>
2<manifest xmlns:android="http://schemas.android.com/apk/res/android"
3    package="com.DefaultCompany.CatScan"
4    android:installLocation="preferExternal"
5    android:versionCode="1"
6    android:versionName="1.0.2" >
7
8    <uses-sdk
9        android:minSdkVersion="33"
9-->src\main\AndroidManifest.xml
10        android:targetSdkVersion="34" />
10-->src\main\AndroidManifest.xml
11
12    <supports-screens
12-->src\main\AndroidManifest.xml:4:3-163
13        android:anyDensity="true"
13-->src\main\AndroidManifest.xml:4:135-160
14        android:largeScreens="true"
14-->src\main\AndroidManifest.xml:4:78-105
15        android:normalScreens="true"
15-->src\main\AndroidManifest.xml:4:49-77
16        android:smallScreens="true"
16-->src\main\AndroidManifest.xml:4:21-48
17        android:xlargeScreens="true" />
17-->src\main\AndroidManifest.xml:4:106-134
18
19    <uses-permission android:name="android.permission.INTERNET" />
19-->[:unityLibrary] AndroidManifest.xml:10:5-67
19-->[:unityLibrary] AndroidManifest.xml:10:22-64
20    <uses-permission android:name="android.permission.VIBRATE" />
20-->[:unityLibrary] AndroidManifest.xml:11:5-66
20-->[:unityLibrary] AndroidManifest.xml:11:22-63
21
22    <uses-feature android:glEsVersion="0x00030000" />
22-->[:unityLibrary] AndroidManifest.xml:13:5-54
22-->[:unityLibrary] AndroidManifest.xml:13:19-51
23    <uses-feature
23-->[:unityLibrary] AndroidManifest.xml:14:5-16:36
24        android:name="android.hardware.vulkan.version"
24-->[:unityLibrary] AndroidManifest.xml:15:9-55
25        android:required="false" />
25-->[:unityLibrary] AndroidManifest.xml:16:9-33
26    <uses-feature
26-->[:unityLibrary] AndroidManifest.xml:17:5-19:36
27        android:name="android.hardware.touchscreen"
27-->[:unityLibrary] AndroidManifest.xml:18:9-52
28        android:required="false" />
28-->[:unityLibrary] AndroidManifest.xml:19:9-33
29    <uses-feature
29-->[:unityLibrary] AndroidManifest.xml:20:5-22:36
30        android:name="android.hardware.touchscreen.multitouch"
30-->[:unityLibrary] AndroidManifest.xml:21:9-63
31        android:required="false" />
31-->[:unityLibrary] AndroidManifest.xml:22:9-33
32    <uses-feature
32-->[:unityLibrary] AndroidManifest.xml:23:5-25:36
33        android:name="android.hardware.touchscreen.multitouch.distinct"
33-->[:unityLibrary] AndroidManifest.xml:24:9-72
34        android:required="false" />
34-->[:unityLibrary] AndroidManifest.xml:25:9-33
35
36    <uses-permission android:name="android.permission.POST_NOTIFICATIONS" />
36-->[:unityLibrary:mobilenotifications.androidlib] AndroidManifest.xml:9:5-77
36-->[:unityLibrary:mobilenotifications.androidlib] AndroidManifest.xml:9:22-74
37    <uses-permission android:name="android.permission.RECEIVE_BOOT_COMPLETED" />
37-->[:unityLibrary:mobilenotifications.androidlib] AndroidManifest.xml:10:5-81
37-->[:unityLibrary:mobilenotifications.androidlib] AndroidManifest.xml:10:22-78
38    <uses-permission android:name="android.permission.SCHEDULE_EXACT_ALARM" />
38-->[:unityLibrary:mobilenotifications.androidlib] AndroidManifest.xml:11:5-79
38-->[:unityLibrary:mobilenotifications.androidlib] AndroidManifest.xml:11:22-76
39
40    <application
40-->src\main\AndroidManifest.xml:3:3-83
41        android:debuggable="true"
42        android:extractNativeLibs="true"
42-->[:unityLibrary] AndroidManifest.xml:27:18-50
43        android:icon="@mipmap/app_icon"
43-->src\main\AndroidManifest.xml:3:49-80
44        android:label="@string/app_name" >
44-->src\main\AndroidManifest.xml:3:16-48
45        <meta-data
45-->[:unityLibrary] AndroidManifest.xml:28:9-30:33
46            android:name="unity.splash-mode"
46-->[:unityLibrary] AndroidManifest.xml:29:13-45
47            android:value="0" />
47-->[:unityLibrary] AndroidManifest.xml:30:13-30
48        <meta-data
48-->[:unityLibrary] AndroidManifest.xml:31:9-33:36
49            android:name="unity.splash-enable"
49-->[:unityLibrary] AndroidManifest.xml:32:13-47
50            android:value="True" />
50-->[:unityLibrary] AndroidManifest.xml:33:13-33
51        <meta-data
51-->[:unityLibrary] AndroidManifest.xml:34:9-36:36
52            android:name="unity.launch-fullscreen"
52-->[:unityLibrary] AndroidManifest.xml:35:13-51
53            android:value="True" />
53-->[:unityLibrary] AndroidManifest.xml:36:13-33
54        <meta-data
54-->[:unityLibrary] AndroidManifest.xml:37:9-39:50
55            android:name="notch.config"
55-->[:unityLibrary] AndroidManifest.xml:38:13-40
56            android:value="portrait|landscape" />
56-->[:unityLibrary] AndroidManifest.xml:39:13-47
57        <meta-data
57-->[:unityLibrary] AndroidManifest.xml:40:9-42:36
58            android:name="unity.auto-report-fully-drawn"
58-->[:unityLibrary] AndroidManifest.xml:41:13-57
59            android:value="true" />
59-->[:unityLibrary] AndroidManifest.xml:42:13-33
60
61        <activity
61-->[:unityLibrary] AndroidManifest.xml:44:9-65:20
62            android:name="com.unity3d.player.UnityPlayerActivity"
62-->[:unityLibrary] AndroidManifest.xml:45:13-66
63            android:configChanges="mcc|mnc|locale|touchscreen|keyboard|keyboardHidden|navigation|orientation|screenLayout|uiMode|screenSize|smallestScreenSize|fontScale|layoutDirection|density"
63-->[:unityLibrary] AndroidManifest.xml:46:13-194
64            android:exported="true"
64-->[:unityLibrary] AndroidManifest.xml:47:13-36
65            android:hardwareAccelerated="false"
65-->[:unityLibrary] AndroidManifest.xml:48:13-48
66            android:launchMode="singleTask"
66-->[:unityLibrary] AndroidManifest.xml:49:13-44
67            android:resizeableActivity="false"
67-->[:unityLibrary] AndroidManifest.xml:50:13-47
68            android:screenOrientation="fullUser"
68-->[:unityLibrary] AndroidManifest.xml:51:13-49
69            android:theme="@style/UnityThemeSelector" >
69-->[:unityLibrary] AndroidManifest.xml:52:13-54
70            <intent-filter>
70-->[:unityLibrary] AndroidManifest.xml:53:13-57:29
71                <category android:name="android.intent.category.LAUNCHER" />
71-->[:unityLibrary] AndroidManifest.xml:54:17-77
71-->[:unityLibrary] AndroidManifest.xml:54:27-74
72
73                <action android:name="android.intent.action.MAIN" />
73-->[:unityLibrary] AndroidManifest.xml:56:17-69
73-->[:unityLibrary] AndroidManifest.xml:56:25-66
74            </intent-filter>
75
76            <meta-data
76-->[:unityLibrary] AndroidManifest.xml:59:13-61:40
77                android:name="unityplayer.UnityActivity"
77-->[:unityLibrary] AndroidManifest.xml:60:17-57
78                android:value="true" />
78-->[:unityLibrary] AndroidManifest.xml:61:17-37
79            <meta-data
79-->[:unityLibrary] AndroidManifest.xml:62:13-64:40
80                android:name="notch_support"
80-->[:unityLibrary] AndroidManifest.xml:63:17-45
81                android:value="true" />
81-->[:unityLibrary] AndroidManifest.xml:64:17-37
82        </activity>
83
84        <receiver
84-->[:unityLibrary:mobilenotifications.androidlib] AndroidManifest.xml:14:9-16:40
85            android:name="com.unity.androidnotifications.UnityNotificationManager"
85-->[:unityLibrary:mobilenotifications.androidlib] AndroidManifest.xml:15:13-83
86            android:exported="false" />
86-->[:unityLibrary:mobilenotifications.androidlib] AndroidManifest.xml:16:13-37
87        <receiver
87-->[:unityLibrary:mobilenotifications.androidlib] AndroidManifest.xml:17:9-24:20
88            android:name="com.unity.androidnotifications.UnityNotificationRestartReceiver"
88-->[:unityLibrary:mobilenotifications.androidlib] AndroidManifest.xml:18:13-91
89            android:enabled="false"
89-->[:unityLibrary:mobilenotifications.androidlib] AndroidManifest.xml:19:13-36
90            android:exported="false" >
90-->[:unityLibrary:mobilenotifications.androidlib] AndroidManifest.xml:20:13-37
91            <intent-filter>
91-->[:unityLibrary:mobilenotifications.androidlib] AndroidManifest.xml:21:13-23:29
92                <action android:name="android.intent.action.BOOT_COMPLETED" />
92-->[:unityLibrary:mobilenotifications.androidlib] AndroidManifest.xml:22:17-79
92-->[:unityLibrary:mobilenotifications.androidlib] AndroidManifest.xml:22:25-76
93            </intent-filter>
94        </receiver>
95
96        <meta-data
96-->[:unityLibrary:mobilenotifications.androidlib] AndroidManifest.xml:26:9-28:36
97            android:name="reschedule_notifications_on_restart"
97-->[:unityLibrary:mobilenotifications.androidlib] AndroidManifest.xml:27:13-63
98            android:value="true" />
98-->[:unityLibrary:mobilenotifications.androidlib] AndroidManifest.xml:28:13-33
99        <meta-data
99-->[:unityLibrary:mobilenotifications.androidlib] AndroidManifest.xml:29:9-31:33
100            android:name="com.unity.androidnotifications.exact_scheduling"
100-->[:unityLibrary:mobilenotifications.androidlib] AndroidManifest.xml:30:13-75
101            android:value="0" />
101-->[:unityLibrary:mobilenotifications.androidlib] AndroidManifest.xml:31:13-30
102    </application>
103
104</manifest>